android/app/build/intermediates/manifest_merge_blame_file/release/manifest-merger-blame-release-report.txt
1<?xml version="1.0" encoding="utf-8"?>
2<manifest xmlns:android="http://schemas.android.com/apk/res/android"
3    package="com.pangssi.restaurant"
4    android:versionCode="1"
5    android:versionName="1.0.0" >
6
7    <uses-sdk
8        android:minSdkVersion="23"
9        android:targetSdkVersion="34" />
10
11    <!-- 인터넷 권한 -->
12    <uses-permission android:name="android.permission.INTERNET" />
12-->src/main/AndroidManifest.xml:5:5-67
12-->src/main/AndroidManifest.xml:5:22-64
13    <uses-permission android:name="android.permission.ACCESS_NETWORK_STATE" />
13-->src/main/AndroidManifest.xml:6:5-79
13-->src/main/AndroidManifest.xml:6:22-76
14    <uses-permission android:name="android.permission.WRITE_EXTERNAL_STORAGE" />
14-->[com.robotemi:sdk:0.10.72] AndroidManifest.xml:11:5-81
14-->[com.robotemi:sdk:0.10.72] AndroidManifest.xml:11:22-78
15    <uses-permission android:name="android.permission.READ_EXTERNAL_STORAGE" />
16
17    <permission
17-->[androidx.core:core:1.9.0] AndroidManifest.xml:22:5-24:47
18        android:name="com.pangssi.restaurant.DYNAMIC_RECEIVER_NOT_EXPORTED_PERMISSION"
18-->[androidx.core:core:1.9.0] AndroidManifest.xml:23:9-81
19        android:protectionLevel="signature" />
19-->[androidx.core:core:1.9.0] AndroidManifest.xml:24:9-44
20
21    <uses-permission android:name="com.pangssi.restaurant.DYNAMIC_RECEIVER_NOT_EXPORTED_PERMISSION" />
21-->[androidx.core:core:1.9.0] AndroidManifest.xml:26:5-97
21-->[androidx.core:core:1.9.0] AndroidManifest.xml:26:22-94
22
23    <application
23-->src/main/AndroidManifest.xml:8:5-27:19
24        android:allowBackup="true"
24-->src/main/AndroidManifest.xml:9:9-35
25        android:appComponentFactory="androidx.core.app.CoreComponentFactory"
25-->[androidx.core:core:1.9.0] AndroidManifest.xml:28:18-86
26        android:extractNativeLibs="false"
27        android:label="@string/app_name"
27-->src/main/AndroidManifest.xml:10:9-41
28        android:networkSecurityConfig="@xml/network_security_config"
28-->src/main/AndroidManifest.xml:14:9-69
29        android:supportsRtl="true"
29-->src/main/AndroidManifest.xml:11:9-35
30        android:theme="@style/Theme.AppCompat.Light.NoActionBar"
30-->src/main/AndroidManifest.xml:12:9-65
31        android:usesCleartextTraffic="true" >
31-->src/main/AndroidManifest.xml:13:9-44
32        <activity
32-->src/main/AndroidManifest.xml:16:9-26:20
33            android:name="com.pangssi.restaurant.MainActivity"
33-->src/main/AndroidManifest.xml:17:13-41
34            android:configChanges="orientation|screenSize|keyboardHidden"
34-->src/main/AndroidManifest.xml:19:13-74
35            android:exported="true"
35-->src/main/AndroidManifest.xml:18:13-36
36            android:screenOrientation="landscape"
36-->src/main/AndroidManifest.xml:21:13-50
37            android:windowSoftInputMode="adjustResize" >
37-->src/main/AndroidManifest.xml:20:13-55
38            <intent-filter>
38-->src/main/AndroidManifest.xml:22:13-25:29
39                <action android:name="android.intent.action.MAIN" />
39-->src/main/AndroidManifest.xml:23:17-69
39-->src/main/AndroidManifest.xml:23:25-66
40
41                <category android:name="android.intent.category.LAUNCHER" />
41-->src/main/AndroidManifest.xml:24:17-77
41-->src/main/AndroidManifest.xml:24:27-74
42            </intent-filter>
43        </activity>
44
45        <provider
45-->[com.robotemi:sdk:0.10.72] AndroidManifest.xml:14:9-18:40
46            android:name="com.robotemi.sdk.TemiSdkContentProvider"
46-->[com.robotemi:sdk:0.10.72] AndroidManifest.xml:15:13-67
47            android:authorities="com.pangssi.restaurant.com.robotemi.sdk"
47-->[com.robotemi:sdk:0.10.72] AndroidManifest.xml:16:13-68
48            android:enabled="true"
48-->[com.robotemi:sdk:0.10.72] AndroidManifest.xml:17:13-35
49            android:exported="false" />
49-->[com.robotemi:sdk:0.10.72] AndroidManifest.xml:18:13-37
50        <provider
50-->[androidx.emoji2:emoji2:1.2.0] AndroidManifest.xml:24:9-32:20
51            android:name="androidx.startup.InitializationProvider"
51-->[androidx.emoji2:emoji2:1.2.0] AndroidManifest.xml:25:13-67
52            android:authorities="com.pangssi.restaurant.androidx-startup"
52-->[androidx.emoji2:emoji2:1.2.0] AndroidManifest.xml:26:13-68
53            android:exported="false" >
53-->[androidx.emoji2:emoji2:1.2.0] AndroidManifest.xml:27:13-37
54            <meta-data
54-->[androidx.emoji2:emoji2:1.2.0] AndroidManifest.xml:29:13-31:52
55                android:name="androidx.emoji2.text.EmojiCompatInitializer"
55-->[androidx.emoji2:emoji2:1.2.0] AndroidManifest.xml:30:17-75
56                android:value="androidx.startup" />
56-->[androidx.emoji2:emoji2:1.2.0] AndroidManifest.xml:31:17-49
57            <meta-data
57-->[androidx.lifecycle:lifecycle-process:2.4.1] AndroidManifest.xml:31:13-33:52
58                android:name="androidx.lifecycle.ProcessLifecycleInitializer"
58-->[androidx.lifecycle:lifecycle-process:2.4.1] AndroidManifest.xml:32:17-78
59                android:value="androidx.startup" />
59-->[androidx.lifecycle:lifecycle-process:2.4.1] AndroidManifest.xml:33:17-49
60        </provider>
61    </application>
62
63</manifest>